cl : command line  warning D9035: option 'Gm' has been deprecated and will be removed in a future release
  Spaceship.cpp
  main.cpp
  Explosion.cpp
  DemoSpaceship.cpp
  Bullet.cpp
  Asteroids.cpp
C:\Users\don00\Desktop\Games-Technology-Courseworks\IN2026 Coursework Code\src\Asteroids.cpp(816,21): warning C4018: '<': signed/unsigned mismatch
C:\Users\don00\Desktop\Games-Technology-Courseworks\IN2026 Coursework Code\src\Asteroids.cpp(1102,20): warning C4018: '<': signed/unsigned mismatch
  Asteroid.cpp
  Generating Code...
Asteroid.obj : warning LNK4075: ignoring '/EDITANDCONTINUE' due to '/SAFESEH' specification
  Asteroids.vcxproj -> C:\Users\don00\Desktop\Games-Technology-Courseworks\IN2026 Coursework Code\bin\Asteroids.exe
  ..\..\assets\asteroid.shape
  ..\..\assets\asteroid1_fs.png
  ..\..\assets\bullet.shape
  ..\..\assets\demospaceship_fs.png
  ..\..\assets\explosion_fs.png
  ..\..\assets\spaceship.shape
  ..\..\assets\spaceship_fs.png
  ..\..\assets\thruster.shape
          8 file(s) copied.
